<?xml version="1.0" encoding="UTF-8"?>
<testsuite name="uk.fratcliffe.fl2j.HelloControllerTests" tests="3" skipped="0" failures="0" errors="0" timestamp="2020-05-01T14:18:13" hostname="C02XJG7ZJG5J" time="0.025">
  <properties/>
  <testcase name="getAndy()" classname="uk.fratcliffe.fl2j.HelloControllerTests" time="0.008"/>
  <testcase name="getName()" classname="uk.fratcliffe.fl2j.HelloControllerTests" time="0.009"/>
  <testcase name="getHello()" classname="uk.fratcliffe.fl2j.HelloControllerTests" time="0.005"/>
  <system-out><![CDATA[2020-05-01 15:18:13.679  INFO 69444 --- [    Test worker] .b.t.c.SpringBootTestContextBootstrapper : Neither @ContextConfiguration nor @ContextHierarchy found for test class [uk.fratcliffe.fl2j.HelloControllerTests], using SpringBootContextLoader
2020-05-01 15:18:13.680  INFO 69444 --- [    Test worker] o.s.t.c.support.AbstractContextLoader    : Could not detect default resource locations for test class [uk.fratcliffe.fl2j.HelloControllerTests]: no resource found for suffixes {-context.xml, Context.groovy}.
2020-05-01 15:18:13.680  INFO 69444 --- [    Test worker] t.c.s.AnnotationConfigContextLoaderUtils : Could not detect default configuration classes for test class [uk.fratcliffe.fl2j.HelloControllerTests]: HelloControllerTests does not declare any static, non-private, non-final, nested classes annotated with @Configuration.
2020-05-01 15:18:13.682  INFO 69444 --- [    Test worker] .b.t.c.SpringBootTestContextBootstrapper : Found @SpringBootConfiguration uk.fratcliffe.fl2j.Fl2jApplication for test class uk.fratcliffe.fl2j.HelloControllerTests
2020-05-01 15:18:13.683  INFO 69444 --- [    Test worker] .b.t.c.SpringBootTestContextBootstrapper : Loaded default TestExecutionListener class names from location [META-INF/spring.factories]: [org.springframework.boot.test.autoconfigure.restdocs.RestDocsTestExecutionListener, org.springframework.boot.test.autoconfigure.web.client.MockRestServiceServerResetTestExecutionListener, org.springframework.boot.test.autoconfigure.web.servlet.MockMvcPrintOnlyOnFailureTestExecutionListener, org.springframework.boot.test.autoconfigure.web.servlet.WebDriverTestExecutionListener, org.springframework.boot.test.mock.mockito.MockitoTestExecutionListener, org.springframework.boot.test.mock.mockito.ResetMocksTestExecutionListener, org.springframework.test.context.web.ServletTestExecutionListener, org.springframework.test.context.support.DirtiesContextBeforeModesTestExecutionListener, org.springframework.test.context.support.DependencyInjectionTestExecutionListener, org.springframework.test.context.support.DirtiesContextTestExecutionListener, org.springframework.test.context.transaction.TransactionalTestExecutionListener, org.springframework.test.context.jdbc.SqlScriptsTestExecutionListener, org.springframework.test.context.event.EventPublishingTestExecutionListener]
2020-05-01 15:18:13.684  INFO 69444 --- [    Test worker] .b.t.c.SpringBootTestContextBootstrapper : Using TestExecutionListeners: [org.springframework.test.context.web.ServletTestExecutionListener@75d4b37e, org.springframework.test.context.support.DirtiesContextBeforeModesTestExecutionListener@64896b52, org.springframework.boot.test.mock.mockito.MockitoTestExecutionListener@13eccab, org.springframework.boot.test.autoconfigure.SpringBootDependencyInjectionTestExecutionListener@1ce7f3d0, org.springframework.test.context.support.DirtiesContextTestExecutionListener@4cf8fc71, org.springframework.test.context.event.EventPublishingTestExecutionListener@6384dd47, org.springframework.boot.test.autoconfigure.restdocs.RestDocsTestExecutionListener@14280e08, org.springframework.boot.test.autoconfigure.web.client.MockRestServiceServerResetTestExecutionListener@3772062e, org.springframework.boot.test.autoconfigure.web.servlet.MockMvcPrintOnlyOnFailureTestExecutionListener@3ce26fc5, org.springframework.boot.test.autoconfigure.web.servlet.WebDriverTestExecutionListener@7949f3fb, org.springframework.boot.test.mock.mockito.ResetMocksTestExecutionListener@2d45ea94]
]]></system-out>
  <system-err><![CDATA[]]></system-err>
</testsuite>
