<?xml version="1.0" encoding="UTF-8"?>
<testsuite name="uk.fratcliffe.fl2j.HelloControllerTests" tests="3" skipped="0" failures="0" errors="0" timestamp="2020-04-10T16:48:17" hostname="C02XJG7ZJG5J" time="0.015">
  <properties/>
  <testcase name="getAndy()" classname="uk.fratcliffe.fl2j.HelloControllerTests" time="0.004"/>
  <testcase name="getName()" classname="uk.fratcliffe.fl2j.HelloControllerTests" time="0.006"/>
  <testcase name="getHello()" classname="uk.fratcliffe.fl2j.HelloControllerTests" time="0.003"/>
  <system-out><![CDATA[2020-04-10 17:48:17.291  INFO 46650 --- [    Test worker] .b.t.c.SpringBootTestContextBootstrapper : Neither @ContextConfiguration nor @ContextHierarchy found for test class [uk.fratcliffe.fl2j.HelloControllerTests], using SpringBootContextLoader
2020-04-10 17:48:17.292  INFO 46650 --- [    Test worker] o.s.t.c.support.AbstractContextLoader    : Could not detect default resource locations for test class [uk.fratcliffe.fl2j.HelloControllerTests]: no resource found for suffixes {-context.xml, Context.groovy}.
2020-04-10 17:48:17.293  INFO 46650 --- [    Test worker] t.c.s.AnnotationConfigContextLoaderUtils : Could not detect default configuration classes for test class [uk.fratcliffe.fl2j.HelloControllerTests]: HelloControllerTests does not declare any static, non-private, non-final, nested classes annotated with @Configuration.
2020-04-10 17:48:17.294  INFO 46650 --- [    Test worker] .b.t.c.SpringBootTestContextBootstrapper : Found @SpringBootConfiguration uk.fratcliffe.fl2j.Fl2jApplication for test class uk.fratcliffe.fl2j.HelloControllerTests
2020-04-10 17:48:17.295  INFO 46650 --- [    Test worker] .b.t.c.SpringBootTestContextBootstrapper : Loaded default TestExecutionListener class names from location [META-INF/spring.factories]: [org.springframework.boot.test.autoconfigure.restdocs.RestDocsTestExecutionListener, org.springframework.boot.test.autoconfigure.web.client.MockRestServiceServerResetTestExecutionListener, org.springframework.boot.test.autoconfigure.web.servlet.MockMvcPrintOnlyOnFailureTestExecutionListener, org.springframework.boot.test.autoconfigure.web.servlet.WebDriverTestExecutionListener, org.springframework.boot.test.mock.mockito.MockitoTestExecutionListener, org.springframework.boot.test.mock.mockito.ResetMocksTestExecutionListener, org.springframework.test.context.web.ServletTestExecutionListener, org.springframework.test.context.support.DirtiesContextBeforeModesTestExecutionListener, org.springframework.test.context.support.DependencyInjectionTestExecutionListener, org.springframework.test.context.support.DirtiesContextTestExecutionListener, org.springframework.test.context.transaction.TransactionalTestExecutionListener, org.springframework.test.context.jdbc.SqlScriptsTestExecutionListener, org.springframework.test.context.event.EventPublishingTestExecutionListener]
2020-04-10 17:48:17.296  INFO 46650 --- [    Test worker] .b.t.c.SpringBootTestContextBootstrapper : Using TestExecutionListeners: [org.springframework.test.context.web.ServletTestExecutionListener@5064cd5e, org.springframework.test.context.support.DirtiesContextBeforeModesTestExecutionListener@b5d7fe9, org.springframework.boot.test.mock.mockito.MockitoTestExecutionListener@70b63e0b, org.springframework.boot.test.autoconfigure.SpringBootDependencyInjectionTestExecutionListener@4e459e3, org.springframework.test.context.support.DirtiesContextTestExecutionListener@721c6a1c, org.springframework.test.context.event.EventPublishingTestExecutionListener@125ee181, org.springframework.boot.test.autoconfigure.restdocs.RestDocsTestExecutionListener@53d9c3a7, org.springframework.boot.test.autoconfigure.web.client.MockRestServiceServerResetTestExecutionListener@75d4b37e, org.springframework.boot.test.autoconfigure.web.servlet.MockMvcPrintOnlyOnFailureTestExecutionListener@64896b52, org.springframework.boot.test.autoconfigure.web.servlet.WebDriverTestExecutionListener@13eccab, org.springframework.boot.test.mock.mockito.ResetMocksTestExecutionListener@1ce7f3d0]
]]></system-out>
  <system-err><![CDATA[]]></system-err>
</testsuite>
