<?xml version="1.0" encoding="UTF-8"?>
<testsuite name="uk.fratcliffe.fl2j.WorldControllerTests" tests="1" skipped="0" failures="0" errors="0" timestamp="2020-05-01T14:29:29" hostname="C02XJG7ZJG5J" time="1.158">
  <properties/>
  <testcase name="getName()" classname="uk.fratcliffe.fl2j.WorldControllerTests" time="1.158"/>
  <system-out><![CDATA[2020-05-01 15:29:28.717  INFO 72402 --- [    Test worker] .b.t.c.SpringBootTestContextBootstrapper : Neither @ContextConfiguration nor @ContextHierarchy found for test class [uk.fratcliffe.fl2j.WorldControllerTests], using SpringBootContextLoader
2020-05-01 15:29:28.719  INFO 72402 --- [    Test worker] o.s.t.c.support.AbstractContextLoader    : Could not detect default resource locations for test class [uk.fratcliffe.fl2j.WorldControllerTests]: no resource found for suffixes {-context.xml, Context.groovy}.
2020-05-01 15:29:28.719  INFO 72402 --- [    Test worker] t.c.s.AnnotationConfigContextLoaderUtils : Could not detect default configuration classes for test class [uk.fratcliffe.fl2j.WorldControllerTests]: WorldControllerTests does not declare any static, non-private, non-final, nested classes annotated with @Configuration.
2020-05-01 15:29:28.725  INFO 72402 --- [    Test worker] .b.t.c.SpringBootTestContextBootstrapper : Found @SpringBootConfiguration uk.fratcliffe.fl2j.Fl2jApplication for test class uk.fratcliffe.fl2j.WorldControllerTests
2020-05-01 15:29:28.727  INFO 72402 --- [    Test worker] .b.t.c.SpringBootTestContextBootstrapper : Loaded default TestExecutionListener class names from location [META-INF/spring.factories]: [org.springframework.boot.test.autoconfigure.restdocs.RestDocsTestExecutionListener, org.springframework.boot.test.autoconfigure.web.client.MockRestServiceServerResetTestExecutionListener, org.springframework.boot.test.autoconfigure.web.servlet.MockMvcPrintOnlyOnFailureTestExecutionListener, org.springframework.boot.test.autoconfigure.web.servlet.WebDriverTestExecutionListener, org.springframework.boot.test.mock.mockito.MockitoTestExecutionListener, org.springframework.boot.test.mock.mockito.ResetMocksTestExecutionListener, org.springframework.test.context.web.ServletTestExecutionListener, org.springframework.test.context.support.DirtiesContextBeforeModesTestExecutionListener, org.springframework.test.context.support.DependencyInjectionTestExecutionListener, org.springframework.test.context.support.DirtiesContextTestExecutionListener, org.springframework.test.context.transaction.TransactionalTestExecutionListener, org.springframework.test.context.jdbc.SqlScriptsTestExecutionListener, org.springframework.test.context.event.EventPublishingTestExecutionListener]
2020-05-01 15:29:28.728  INFO 72402 --- [    Test worker] .b.t.c.SpringBootTestContextBootstrapper : Using TestExecutionListeners: [org.springframework.test.context.web.ServletTestExecutionListener@5c41a2b9, org.springframework.test.context.support.DirtiesContextBeforeModesTestExecutionListener@7fcf6050, org.springframework.boot.test.mock.mockito.MockitoTestExecutionListener@404831ce, org.springframework.boot.test.autoconfigure.SpringBootDependencyInjectionTestExecutionListener@b40f69, org.springframework.test.context.support.DirtiesContextTestExecutionListener@51b131ac, org.springframework.test.context.event.EventPublishingTestExecutionListener@5578162a, org.springframework.boot.test.autoconfigure.restdocs.RestDocsTestExecutionListener@54bf9b0a, org.springframework.boot.test.autoconfigure.web.client.MockRestServiceServerResetTestExecutionListener@74d019b3, org.springframework.boot.test.autoconfigure.web.servlet.MockMvcPrintOnlyOnFailureTestExecutionListener@2c346ad4, org.springframework.boot.test.autoconfigure.web.servlet.WebDriverTestExecutionListener@3968e03e, org.springframework.boot.test.mock.mockito.ResetMocksTestExecutionListener@11a75bd2]

  .   ____          _            __ _ _
 /\\ / ___'_ __ _ _(_)_ __  __ _ \ \ \ \
( ( )\___ | '_ | '_| | '_ \/ _` | \ \ \ \
 \\/  ___)| |_)| | | | | || (_| |  ) ) ) )
  '  |____| .__|_| |_|_| |_\__, | / / / /
 =========|_|==============|___/=/_/_/_/
 :: Spring Boot ::        (v2.2.6.RELEASE)

2020-05-01 15:29:28.829  INFO 72402 --- [    Test worker] uk.fratcliffe.fl2j.WorldControllerTests  : No active profile set, falling back to default profiles: default
2020-05-01 15:29:29.051  INFO 72402 --- [    Test worker] o.s.cloud.context.scope.GenericScope     : BeanFactory id=2f7701d6-c821-3609-8bd5-5dc0956e0436
2020-05-01 15:29:29.068  INFO 72402 --- [    Test worker] trationDelegate$BeanPostProcessorChecker : Bean 'uk.fratcliffe.fl2j.TeleportClient' of type [org.springframework.cloud.openfeign.FeignClientFactoryBean] is not eligible for getting processed by all BeanPostProcessors (for example: not eligible for auto-proxying)
2020-05-01 15:29:29.239  WARN 72402 --- [    Test worker] o.s.c.n.a.ArchaiusAutoConfiguration      : Netflix ConfigurationManager has already been installed, unable to re-install
2020-05-01 15:29:29.340  INFO 72402 --- [    Test worker] o.s.s.concurrent.ThreadPoolTaskExecutor  : Initializing ExecutorService 'applicationTaskExecutor'
2020-05-01 15:29:29.478  INFO 72402 --- [    Test worker] o.s.b.t.m.w.SpringBootMockServletContext : Initializing Spring TestDispatcherServlet ''
2020-05-01 15:29:29.479  INFO 72402 --- [    Test worker] o.s.t.web.servlet.TestDispatcherServlet  : Initializing Servlet ''
2020-05-01 15:29:29.489  INFO 72402 --- [    Test worker] o.s.t.web.servlet.TestDispatcherServlet  : Completed initialization in 10 ms
2020-05-01 15:29:29.542  INFO 72402 --- [    Test worker] uk.fratcliffe.fl2j.WorldControllerTests  : Started WorldControllerTests in 0.81 seconds (JVM running for 4.687)
Let's inspect the beans provided by Spring Boot:
applicationTaskExecutor
basicErrorController
beanNameHandlerMapping
beanNameViewResolver
characterEncodingFilter
commandLineRunner
compositeCompatibilityVerifier
compositeDiscoveryClient
configurableEnvironmentConfiguration
configurationPropertiesBeans
configurationPropertiesRebinder
connPoolFactory
contextRefresher
conventionErrorViewResolver
default.uk.fratcliffe.fl2j.Fl2jApplication.FeignClientSpecification
defaultServletHandlerMapping
defaultValidator
defaultViewResolver
dispatcherServlet
dispatcherServletRegistration
environmentManager
error
errorAttributes
errorPageCustomizer
errorPageRegistrarBeanPostProcessor
feign.client-org.springframework.cloud.openfeign.FeignClientProperties
feign.httpclient-org.springframework.cloud.openfeign.support.FeignHttpClientProperties
feignContext
feignFeature
feignTargeter
fl2jApplication
formContentFilter
handlerExceptionResolver
handlerFunctionAdapter
helloController
httpRequestHandlerAdapter
inetUtils
inetUtilsProperties
jacksonObjectMapper
jacksonObjectMapperBuilder
jsonComponentModule
localeCharsetMappingsCustomizer
loggingRebinder
mappingJackson2HttpMessageConverter
messageConverters
methodValidationPostProcessor
mockMvc
mockMvcBuilder
multipartConfigElement
multipartResolver
mvcContentNegotiationManager
mvcConversionService
mvcHandlerMappingIntrospector
mvcPathMatcher
mvcResourceUrlProvider
mvcUriComponentsContributor
mvcUrlPathHelper
mvcValidator
mvcViewResolver
okHttpClientBuilder
okHttpClientFactory
org.springframework.aop.config.internalAutoProxyCreator
org.springframework.boot.autoconfigure.AutoConfigurationPackages
org.springframework.boot.autoconfigure.aop.AopAutoConfiguration
org.springframework.boot.autoconfigure.aop.AopAutoConfiguration$AspectJAutoProxyingConfiguration
org.springframework.boot.autoconfigure.aop.AopAutoConfiguration$AspectJAutoProxyingConfiguration$CglibAutoProxyConfiguration
org.springframework.boot.autoconfigure.context.ConfigurationPropertiesAutoConfiguration
org.springframework.boot.autoconfigure.context.PropertyPlaceholderAutoConfiguration
org.springframework.boot.autoconfigure.http.HttpMessageConvertersAutoConfiguration
org.springframework.boot.autoconfigure.http.HttpMessageConvertersAutoConfiguration$StringHttpMessageConverterConfiguration
org.springframework.boot.autoconfigure.http.JacksonHttpMessageConvertersConfiguration
org.springframework.boot.autoconfigure.http.JacksonHttpMessageConvertersConfiguration$MappingJackson2HttpMessageConverterConfiguration
org.springframework.boot.autoconfigure.info.ProjectInfoAutoConfiguration
org.springframework.boot.autoconfigure.internalCachingMetadataReaderFactory
org.springframework.boot.autoconfigure.jackson.JacksonAutoConfiguration
org.springframework.boot.autoconfigure.jackson.JacksonAutoConfiguration$Jackson2ObjectMapperBuilderCustomizerConfiguration
org.springframework.boot.autoconfigure.jackson.JacksonAutoConfiguration$JacksonObjectMapperBuilderConfiguration
org.springframework.boot.autoconfigure.jackson.JacksonAutoConfiguration$JacksonObjectMapperConfiguration
org.springframework.boot.autoconfigure.jackson.JacksonAutoConfiguration$ParameterNamesModuleConfiguration
org.springframework.boot.autoconfigure.security.oauth2.resource.servlet.OAuth2ResourceServerAutoConfiguration
org.springframework.boot.autoconfigure.task.TaskExecutionAutoConfiguration
org.springframework.boot.autoconfigure.task.TaskSchedulingAutoConfiguration
org.springframework.boot.autoconfigure.validation.ValidationAutoConfiguration
org.springframework.boot.autoconfigure.web.client.RestTemplateAutoConfiguration
org.springframework.boot.autoconfigure.web.embedded.EmbeddedWebServerFactoryCustomizerAutoConfiguration
org.springframework.boot.autoconfigure.web.embedded.EmbeddedWebServerFactoryCustomizerAutoConfiguration$TomcatWebServerFactoryCustomizerConfiguration
org.springframework.boot.autoconfigure.web.servlet.DispatcherServletAutoConfiguration
org.springframework.boot.autoconfigure.web.servlet.DispatcherServletAutoConfiguration$DispatcherServletConfiguration
org.springframework.boot.autoconfigure.web.servlet.DispatcherServletAutoConfiguration$DispatcherServletRegistrationConfiguration
org.springframework.boot.autoconfigure.web.servlet.HttpEncodingAutoConfiguration
org.springframework.boot.autoconfigure.web.servlet.MultipartAutoConfiguration
org.springframework.boot.autoconfigure.web.servlet.ServletWebServerFactoryAutoConfiguration
org.springframework.boot.autoconfigure.web.servlet.ServletWebServerFactoryConfiguration$EmbeddedTomcat
org.springframework.boot.autoconfigure.web.servlet.WebMvcAutoConfiguration
org.springframework.boot.autoconfigure.web.servlet.WebMvcAutoConfiguration$EnableWebMvcConfiguration
org.springframework.boot.autoconfigure.web.servlet.WebMvcAutoConfiguration$WebMvcAutoConfigurationAdapter
org.springframework.boot.autoconfigure.web.servlet.error.ErrorMvcAutoConfiguration
org.springframework.boot.autoconfigure.web.servlet.error.ErrorMvcAutoConfiguration$DefaultErrorViewResolverConfiguration
org.springframework.boot.autoconfigure.web.servlet.error.ErrorMvcAutoConfiguration$WhitelabelErrorViewConfiguration
org.springframework.boot.autoconfigure.websocket.servlet.WebSocketServletAutoConfiguration
org.springframework.boot.autoconfigure.websocket.servlet.WebSocketServletAutoConfiguration$TomcatWebSocketConfiguration
org.springframework.boot.context.internalConfigurationPropertiesBinder
org.springframework.boot.context.internalConfigurationPropertiesBinderFactory
org.springframework.boot.context.properties.ConfigurationBeanFactoryMetadata
org.springframework.boot.context.properties.ConfigurationPropertiesBeanDefinitionValidator
org.springframework.boot.context.properties.ConfigurationPropertiesBindingPostProcessor
org.springframework.boot.test.autoconfigure.web.servlet.MockMvcAutoConfiguration
org.springframework.boot.test.context.ImportsContextCustomizer$ImportsCleanupPostProcessor
org.springframework.boot.test.mock.mockito.MockitoPostProcessor
org.springframework.boot.test.mock.mockito.MockitoPostProcessor$SpyPostProcessor
org.springframework.cloud.autoconfigure.ConfigurationPropertiesRebinderAutoConfiguration
org.springframework.cloud.autoconfigure.LifecycleMvcEndpointAutoConfiguration
org.springframework.cloud.autoconfigure.RefreshAutoConfiguration
org.springframework.cloud.autoconfigure.RefreshAutoConfiguration$RefreshScopeBeanDefinitionEnhancer
org.springframework.cloud.client.CommonsClientAutoConfiguration
org.springframework.cloud.client.ReactiveCommonsClientAutoConfiguration
org.springframework.cloud.client.discovery.composite.CompositeDiscoveryClientAutoConfiguration
org.springframework.cloud.client.discovery.simple.SimpleDiscoveryClientAutoConfiguration
org.springframework.cloud.client.serviceregistry.AutoServiceRegistrationAutoConfiguration
org.springframework.cloud.client.serviceregistry.AutoServiceRegistrationConfiguration
org.springframework.cloud.client.serviceregistry.ServiceRegistryAutoConfiguration
org.springframework.cloud.commons.httpclient.HttpClientConfiguration
org.springframework.cloud.commons.httpclient.HttpClientConfiguration$OkHttpClientConfiguration
org.springframework.cloud.commons.util.UtilAutoConfiguration
org.springframework.cloud.configuration.CompatibilityVerifierAutoConfiguration
org.springframework.cloud.netflix.archaius.ArchaiusAutoConfiguration
org.springframework.cloud.netflix.archaius.ArchaiusAutoConfiguration$PropagateEventsConfiguration
org.springframework.cloud.openfeign.FeignAutoConfiguration
org.springframework.cloud.openfeign.FeignAutoConfiguration$HystrixFeignTargeterConfiguration
org.springframework.context.annotation.internalAutowiredAnnotationProcessor
org.springframework.context.annotation.internalCommonAnnotationProcessor
org.springframework.context.annotation.internalConfigurationAnnotationProcessor
org.springframework.context.event.internalEventListenerFactory
org.springframework.context.event.internalEventListenerProcessor
parameterNamesModule
preserveErrorControllerTargetClassPostProcessor
propertySourcesPlaceholderConfigurer
refreshEventListener
refreshScope
requestContextFilter
requestMappingHandlerAdapter
requestMappingHandlerMapping
resourceHandlerMapping
restTemplateBuilder
routerFunctionMapping
server-org.springframework.boot.autoconfigure.web.ServerProperties
servletWebServerFactoryCustomizer
simpleControllerHandlerAdapter
simpleDiscoveryClient
simpleDiscoveryProperties
spring.cloud.compatibility-verifier-org.springframework.cloud.configuration.CompatibilityVerifierProperties
spring.cloud.service-registry.auto-registration-org.springframework.cloud.client.serviceregistry.AutoServiceRegistrationProperties
spring.http-org.springframework.boot.autoconfigure.http.HttpProperties
spring.info-org.springframework.boot.autoconfigure.info.ProjectInfoProperties
spring.jackson-org.springframework.boot.autoconfigure.jackson.JacksonProperties
spring.mvc-org.springframework.boot.autoconfigure.web.servlet.WebMvcProperties
spring.resources-org.springframework.boot.autoconfigure.web.ResourceProperties
spring.security.oauth2.resourceserver-org.springframework.boot.autoconfigure.security.oauth2.resource.OAuth2ResourceServerProperties
spring.servlet.multipart-org.springframework.boot.autoconfigure.web.servlet.MultipartProperties
spring.task.execution-org.springframework.boot.autoconfigure.task.TaskExecutionProperties
spring.task.scheduling-org.springframework.boot.autoconfigure.task.TaskSchedulingProperties
springBootMockMvcBuilderCustomizer
springBootVersionVerifier
standardJacksonObjectMapperBuilderCustomizer
stringHttpMessageConverter
taskExecutorBuilder
taskSchedulerBuilder
teleport.FeignClientSpecification
tomcatServletWebServerFactory
tomcatServletWebServerFactoryCustomizer
tomcatWebServerFactoryCustomizer
uk.fratcliffe.fl2j.TeleportClient
viewControllerHandlerMapping
viewResolver
webServerFactoryCustomizerBeanPostProcessor
websocketServletWebServerCustomizer
welcomePageHandlerMapping
worldController
]]></system-out>
  <system-err><![CDATA[]]></system-err>
</testsuite>
