<?xml version="1.0" encoding="UTF-8"?>
<testsuite name="uk.fratcliffe.fl2j.HelloControllerTests" tests="3" skipped="0" failures="0" errors="0" timestamp="2020-05-01T14:29:30" hostname="C02XJG7ZJG5J" time="0.02">
  <properties/>
  <testcase name="getAndy()" classname="uk.fratcliffe.fl2j.HelloControllerTests" time="0.006"/>
  <testcase name="getName()" classname="uk.fratcliffe.fl2j.HelloControllerTests" time="0.007"/>
  <testcase name="getHello()" classname="uk.fratcliffe.fl2j.HelloControllerTests" time="0.005"/>
  <system-out><![CDATA[2020-05-01 15:29:30.713  INFO 72402 --- [    Test worker] .b.t.c.SpringBootTestContextBootstrapper : Neither @ContextConfiguration nor @ContextHierarchy found for test class [uk.fratcliffe.fl2j.HelloControllerTests], using SpringBootContextLoader
2020-05-01 15:29:30.714  INFO 72402 --- [    Test worker] o.s.t.c.support.AbstractContextLoader    : Could not detect default resource locations for test class [uk.fratcliffe.fl2j.HelloControllerTests]: no resource found for suffixes {-context.xml, Context.groovy}.
2020-05-01 15:29:30.715  INFO 72402 --- [    Test worker] t.c.s.AnnotationConfigContextLoaderUtils : Could not detect default configuration classes for test class [uk.fratcliffe.fl2j.HelloControllerTests]: HelloControllerTests does not declare any static, non-private, non-final, nested classes annotated with @Configuration.
2020-05-01 15:29:30.717  INFO 72402 --- [    Test worker] .b.t.c.SpringBootTestContextBootstrapper : Found @SpringBootConfiguration uk.fratcliffe.fl2j.Fl2jApplication for test class uk.fratcliffe.fl2j.HelloControllerTests
2020-05-01 15:29:30.719  INFO 72402 --- [    Test worker] .b.t.c.SpringBootTestContextBootstrapper : Loaded default TestExecutionListener class names from location [META-INF/spring.factories]: [org.springframework.boot.test.autoconfigure.restdocs.RestDocsTestExecutionListener, org.springframework.boot.test.autoconfigure.web.client.MockRestServiceServerResetTestExecutionListener, org.springframework.boot.test.autoconfigure.web.servlet.MockMvcPrintOnlyOnFailureTestExecutionListener, org.springframework.boot.test.autoconfigure.web.servlet.WebDriverTestExecutionListener, org.springframework.boot.test.mock.mockito.MockitoTestExecutionListener, org.springframework.boot.test.mock.mockito.ResetMocksTestExecutionListener, org.springframework.test.context.web.ServletTestExecutionListener, org.springframework.test.context.support.DirtiesContextBeforeModesTestExecutionListener, org.springframework.test.context.support.DependencyInjectionTestExecutionListener, org.springframework.test.context.support.DirtiesContextTestExecutionListener, org.springframework.test.context.transaction.TransactionalTestExecutionListener, org.springframework.test.context.jdbc.SqlScriptsTestExecutionListener, org.springframework.test.context.event.EventPublishingTestExecutionListener]
2020-05-01 15:29:30.720  INFO 72402 --- [    Test worker] .b.t.c.SpringBootTestContextBootstrapper : Using TestExecutionListeners: [org.springframework.test.context.web.ServletTestExecutionListener@261c170f, org.springframework.test.context.support.DirtiesContextBeforeModesTestExecutionListener@3ea343ef, org.springframework.boot.test.mock.mockito.MockitoTestExecutionListener@2c19d8bb, org.springframework.boot.test.autoconfigure.SpringBootDependencyInjectionTestExecutionListener@2f52a48d, org.springframework.test.context.support.DirtiesContextTestExecutionListener@69306a07, org.springframework.test.context.event.EventPublishingTestExecutionListener@4da8f0f5, org.springframework.boot.test.autoconfigure.restdocs.RestDocsTestExecutionListener@2f9635fb, org.springframework.boot.test.autoconfigure.web.client.MockRestServiceServerResetTestExecutionListener@155a8a48, org.springframework.boot.test.autoconfigure.web.servlet.MockMvcPrintOnlyOnFailureTestExecutionListener@7f50aab6, org.springframework.boot.test.autoconfigure.web.servlet.WebDriverTestExecutionListener@75f5c2f1, org.springframework.boot.test.mock.mockito.ResetMocksTestExecutionListener@6b521859]
]]></system-out>
  <system-err><![CDATA[]]></system-err>
</testsuite>
