<?xml version="1.0" encoding="UTF-8"?>
<testsuite name="uk.fratcliffe.fl2j.Fl2jApplicationTests" tests="1" skipped="0" failures="0" errors="0" timestamp="2020-05-01T14:29:28" hostname="C02XJG7ZJG5J" time="0.414">
  <properties/>
  <testcase name="contextLoads()" classname="uk.fratcliffe.fl2j.Fl2jApplicationTests" time="0.414"/>
  <system-out><![CDATA[15:29:25.693 [Test worker] DEBUG org.springframework.test.context.BootstrapUtils - Instantiating CacheAwareContextLoaderDelegate from class [org.springframework.test.context.cache.DefaultCacheAwareContextLoaderDelegate]
15:29:25.706 [Test worker] DEBUG org.springframework.test.context.BootstrapUtils - Instantiating BootstrapContext using constructor [public org.springframework.test.context.support.DefaultBootstrapContext(java.lang.Class,org.springframework.test.context.CacheAwareContextLoaderDelegate)]
15:29:25.731 [Test worker] DEBUG org.springframework.test.context.BootstrapUtils - Instantiating TestContextBootstrapper for test class [uk.fratcliffe.fl2j.Fl2jApplicationTests] from class [org.springframework.boot.test.context.SpringBootTestContextBootstrapper]
15:29:25.745 [Test worker] INFO org.springframework.boot.test.context.SpringBootTestContextBootstrapper - Neither @ContextConfiguration nor @ContextHierarchy found for test class [uk.fratcliffe.fl2j.Fl2jApplicationTests], using SpringBootContextLoader
15:29:25.748 [Test worker] DEBUG org.springframework.test.context.support.AbstractContextLoader - Did not detect default resource location for test class [uk.fratcliffe.fl2j.Fl2jApplicationTests]: class path resource [uk/fratcliffe/fl2j/Fl2jApplicationTests-context.xml] does not exist
15:29:25.749 [Test worker] DEBUG org.springframework.test.context.support.AbstractContextLoader - Did not detect default resource location for test class [uk.fratcliffe.fl2j.Fl2jApplicationTests]: class path resource [uk/fratcliffe/fl2j/Fl2jApplicationTestsContext.groovy] does not exist
15:29:25.750 [Test worker] INFO org.springframework.test.context.support.AbstractContextLoader - Could not detect default resource locations for test class [uk.fratcliffe.fl2j.Fl2jApplicationTests]: no resource found for suffixes {-context.xml, Context.groovy}.
15:29:25.751 [Test worker] INFO org.springframework.test.context.support.AnnotationConfigContextLoaderUtils - Could not detect default configuration classes for test class [uk.fratcliffe.fl2j.Fl2jApplicationTests]: Fl2jApplicationTests does not declare any static, non-private, non-final, nested classes annotated with @Configuration.
15:29:25.795 [Test worker] DEBUG org.springframework.test.context.support.ActiveProfilesUtils - Could not find an 'annotation declaring class' for annotation type [org.springframework.test.context.ActiveProfiles] and class [uk.fratcliffe.fl2j.Fl2jApplicationTests]
15:29:25.852 [Test worker] DEBUG org.springframework.context.annotation.ClassPathScanningCandidateComponentProvider - Identified candidate component class: file [/Users/felicity.ratcliffe/Learning/fl2j/build/classes/java/main/uk/fratcliffe/fl2j/Fl2jApplication.class]
15:29:25.863 [Test worker] INFO org.springframework.boot.test.context.SpringBootTestContextBootstrapper - Found @SpringBootConfiguration uk.fratcliffe.fl2j.Fl2jApplication for test class uk.fratcliffe.fl2j.Fl2jApplicationTests
15:29:25.950 [Test worker] DEBUG org.springframework.boot.test.context.SpringBootTestContextBootstrapper - @TestExecutionListeners is not present for class [uk.fratcliffe.fl2j.Fl2jApplicationTests]: using defaults.
15:29:25.950 [Test worker] INFO org.springframework.boot.test.context.SpringBootTestContextBootstrapper - Loaded default TestExecutionListener class names from location [META-INF/spring.factories]: [org.springframework.boot.test.autoconfigure.restdocs.RestDocsTestExecutionListener, org.springframework.boot.test.autoconfigure.web.client.MockRestServiceServerResetTestExecutionListener, org.springframework.boot.test.autoconfigure.web.servlet.MockMvcPrintOnlyOnFailureTestExecutionListener, org.springframework.boot.test.autoconfigure.web.servlet.WebDriverTestExecutionListener, org.springframework.boot.test.mock.mockito.MockitoTestExecutionListener, org.springframework.boot.test.mock.mockito.ResetMocksTestExecutionListener, org.springframework.test.context.web.ServletTestExecutionListener, org.springframework.test.context.support.DirtiesContextBeforeModesTestExecutionListener, org.springframework.test.context.support.DependencyInjectionTestExecutionListener, org.springframework.test.context.support.DirtiesContextTestExecutionListener, org.springframework.test.context.transaction.TransactionalTestExecutionListener, org.springframework.test.context.jdbc.SqlScriptsTestExecutionListener, org.springframework.test.context.event.EventPublishingTestExecutionListener]
15:29:25.962 [Test worker] DEBUG org.springframework.boot.test.context.SpringBootTestContextBootstrapper - Skipping candidate TestExecutionListener [org.springframework.test.context.transaction.TransactionalTestExecutionListener] due to a missing dependency. Specify custom listener classes or make the default listener classes and their required dependencies available. Offending class: [org/springframework/transaction/interceptor/TransactionAttributeSource]
15:29:25.962 [Test worker] DEBUG org.springframework.boot.test.context.SpringBootTestContextBootstrapper - Skipping candidate TestExecutionListener [org.springframework.test.context.jdbc.SqlScriptsTestExecutionListener] due to a missing dependency. Specify custom listener classes or make the default listener classes and their required dependencies available. Offending class: [org/springframework/transaction/interceptor/TransactionAttribute]
15:29:25.963 [Test worker] INFO org.springframework.boot.test.context.SpringBootTestContextBootstrapper - Using TestExecutionListeners: [org.springframework.test.context.web.ServletTestExecutionListener@2b6de6f9, org.springframework.test.context.support.DirtiesContextBeforeModesTestExecutionListener@36164e8d, org.springframework.boot.test.mock.mockito.MockitoTestExecutionListener@21aef521, org.springframework.boot.test.autoconfigure.SpringBootDependencyInjectionTestExecutionListener@75c0a110, org.springframework.test.context.support.DirtiesContextTestExecutionListener@315ecb7f, org.springframework.test.context.event.EventPublishingTestExecutionListener@353889ff, org.springframework.boot.test.autoconfigure.restdocs.RestDocsTestExecutionListener@63697584, org.springframework.boot.test.autoconfigure.web.client.MockRestServiceServerResetTestExecutionListener@135190d8, org.springframework.boot.test.autoconfigure.web.servlet.MockMvcPrintOnlyOnFailureTestExecutionListener@5493b4fe, org.springframework.boot.test.autoconfigure.web.servlet.WebDriverTestExecutionListener@2515b8e2, org.springframework.boot.test.mock.mockito.ResetMocksTestExecutionListener@df83c91]
15:29:25.966 [Test worker] DEBUG org.springframework.test.context.support.AbstractDirtiesContextTestExecutionListener - Before test class: context [DefaultTestContext@54a72e8 testClass = Fl2jApplicationTests, testInstance = [null], testMethod = [null], testException = [null], mergedContextConfiguration = [WebMergedContextConfiguration@45e6bdfd testClass = Fl2jApplicationTests, locations = '{}', classes = '{class uk.fratcliffe.fl2j.Fl2jApplication}', contextInitializerClasses = '[]', activeProfiles = '{}', propertySourceLocations = '{}', propertySourceProperties = '{org.springframework.boot.test.context.SpringBootTestContextBootstrapper=true}', contextCustomizers = set[org.springframework.boot.test.autoconfigure.properties.PropertyMappingContextCustomizer@0, org.springframework.boot.test.autoconfigure.web.servlet.WebDriverContextCustomizerFactory$Customizer@25a03861, org.springframework.boot.test.context.filter.ExcludeFilterContextCustomizer@7ad0660e, org.springframework.boot.test.json.DuplicateJsonObjectContextCustomizerFactory$DuplicateJsonObjectContextCustomizer@51b3bb2c, org.springframework.boot.test.mock.mockito.MockitoContextCustomizer@0, org.springframework.boot.test.web.client.TestRestTemplateContextCustomizer@6d31dbb1], resourceBasePath = 'src/main/webapp', contextLoader = 'org.springframework.boot.test.context.SpringBootContextLoader', parent = [null]], attributes = map['org.springframework.test.context.web.ServletTestExecutionListener.activateListener' -> true]], class annotated with @DirtiesContext [false] with mode [null].
15:29:25.994 [Test worker] DEBUG org.springframework.test.context.support.TestPropertySourceUtils - Adding inlined properties to environment: {spring.jmx.enabled=false, org.springframework.boot.test.context.SpringBootTestContextBootstrapper=true, server.port=-1}

  .   ____          _            __ _ _
 /\\ / ___'_ __ _ _(_)_ __  __ _ \ \ \ \
( ( )\___ | '_ | '_| | '_ \/ _` | \ \ \ \
 \\/  ___)| |_)| | | | | || (_| |  ) ) ) )
  '  |____| .__|_| |_|_| |_\__, | / / / /
 =========|_|==============|___/=/_/_/_/
 :: Spring Boot ::        (v2.2.6.RELEASE)

2020-05-01 15:29:26.595  INFO 72402 --- [    Test worker] uk.fratcliffe.fl2j.Fl2jApplicationTests  : No active profile set, falling back to default profiles: default
2020-05-01 15:29:27.215  INFO 72402 --- [    Test worker] o.s.cloud.context.scope.GenericScope     : BeanFactory id=9ca49fbe-d3c3-3ef5-947d-78dbb7fb73c7
2020-05-01 15:29:27.307  INFO 72402 --- [    Test worker] trationDelegate$BeanPostProcessorChecker : Bean 'uk.fratcliffe.fl2j.TeleportClient' of type [org.springframework.cloud.openfeign.FeignClientFactoryBean] is not eligible for getting processed by all BeanPostProcessors (for example: not eligible for auto-proxying)
2020-05-01 15:29:27.692  WARN 72402 --- [    Test worker] o.s.c.n.a.ArchaiusAutoConfiguration      : No spring.application.name found, defaulting to 'application'
2020-05-01 15:29:27.696  WARN 72402 --- [    Test worker] c.n.c.sources.URLConfigurationSource     : No URLs will be polled as dynamic configuration sources.
2020-05-01 15:29:27.696  INFO 72402 --- [    Test worker] c.n.c.sources.URLConfigurationSource     : To enable URLs as dynamic configuration sources, define System property archaius.configurationSource.additionalUrls or make config.properties available on classpath.
2020-05-01 15:29:27.702  WARN 72402 --- [    Test worker] c.n.c.sources.URLConfigurationSource     : No URLs will be polled as dynamic configuration sources.
2020-05-01 15:29:27.702  INFO 72402 --- [    Test worker] c.n.c.sources.URLConfigurationSource     : To enable URLs as dynamic configuration sources, define System property archaius.configurationSource.additionalUrls or make config.properties available on classpath.
2020-05-01 15:29:27.910  INFO 72402 --- [    Test worker] o.s.s.concurrent.ThreadPoolTaskExecutor  : Initializing ExecutorService 'applicationTaskExecutor'
2020-05-01 15:29:28.271  INFO 72402 --- [    Test worker] uk.fratcliffe.fl2j.Fl2jApplicationTests  : Started Fl2jApplicationTests in 2.266 seconds (JVM running for 3.416)
Let's inspect the beans provided by Spring Boot:
applicationTaskExecutor
basicErrorController
beanNameHandlerMapping
beanNameViewResolver
characterEncodingFilter
commandLineRunner
compositeCompatibilityVerifier
compositeDiscoveryClient
configurableEnvironmentConfiguration
configurationPropertiesBeans
configurationPropertiesRebinder
connPoolFactory
contextRefresher
conventionErrorViewResolver
default.uk.fratcliffe.fl2j.Fl2jApplication.FeignClientSpecification
defaultServletHandlerMapping
defaultValidator
defaultViewResolver
dispatcherServlet
dispatcherServletRegistration
environmentManager
error
errorAttributes
errorPageCustomizer
errorPageRegistrarBeanPostProcessor
feign.client-org.springframework.cloud.openfeign.FeignClientProperties
feign.httpclient-org.springframework.cloud.openfeign.support.FeignHttpClientProperties
feignContext
feignFeature
feignTargeter
fl2jApplication
formContentFilter
handlerExceptionResolver
handlerFunctionAdapter
helloController
httpRequestHandlerAdapter
inetUtils
inetUtilsProperties
jacksonObjectMapper
jacksonObjectMapperBuilder
jsonComponentModule
localeCharsetMappingsCustomizer
loggingRebinder
mappingJackson2HttpMessageConverter
messageConverters
methodValidationPostProcessor
multipartConfigElement
multipartResolver
mvcContentNegotiationManager
mvcConversionService
mvcHandlerMappingIntrospector
mvcPathMatcher
mvcResourceUrlProvider
mvcUriComponentsContributor
mvcUrlPathHelper
mvcValidator
mvcViewResolver
okHttpClientBuilder
okHttpClientFactory
org.springframework.aop.config.internalAutoProxyCreator
org.springframework.boot.autoconfigure.AutoConfigurationPackages
org.springframework.boot.autoconfigure.aop.AopAutoConfiguration
org.springframework.boot.autoconfigure.aop.AopAutoConfiguration$AspectJAutoProxyingConfiguration
org.springframework.boot.autoconfigure.aop.AopAutoConfiguration$AspectJAutoProxyingConfiguration$CglibAutoProxyConfiguration
org.springframework.boot.autoconfigure.context.ConfigurationPropertiesAutoConfiguration
org.springframework.boot.autoconfigure.context.PropertyPlaceholderAutoConfiguration
org.springframework.boot.autoconfigure.http.HttpMessageConvertersAutoConfiguration
org.springframework.boot.autoconfigure.http.HttpMessageConvertersAutoConfiguration$StringHttpMessageConverterConfiguration
org.springframework.boot.autoconfigure.http.JacksonHttpMessageConvertersConfiguration
org.springframework.boot.autoconfigure.http.JacksonHttpMessageConvertersConfiguration$MappingJackson2HttpMessageConverterConfiguration
org.springframework.boot.autoconfigure.info.ProjectInfoAutoConfiguration
org.springframework.boot.autoconfigure.internalCachingMetadataReaderFactory
org.springframework.boot.autoconfigure.jackson.JacksonAutoConfiguration
org.springframework.boot.autoconfigure.jackson.JacksonAutoConfiguration$Jackson2ObjectMapperBuilderCustomizerConfiguration
org.springframework.boot.autoconfigure.jackson.JacksonAutoConfiguration$JacksonObjectMapperBuilderConfiguration
org.springframework.boot.autoconfigure.jackson.JacksonAutoConfiguration$JacksonObjectMapperConfiguration
org.springframework.boot.autoconfigure.jackson.JacksonAutoConfiguration$ParameterNamesModuleConfiguration
org.springframework.boot.autoconfigure.security.oauth2.resource.servlet.OAuth2ResourceServerAutoConfiguration
org.springframework.boot.autoconfigure.task.TaskExecutionAutoConfiguration
org.springframework.boot.autoconfigure.task.TaskSchedulingAutoConfiguration
org.springframework.boot.autoconfigure.validation.ValidationAutoConfiguration
org.springframework.boot.autoconfigure.web.client.RestTemplateAutoConfiguration
org.springframework.boot.autoconfigure.web.embedded.EmbeddedWebServerFactoryCustomizerAutoConfiguration
org.springframework.boot.autoconfigure.web.embedded.EmbeddedWebServerFactoryCustomizerAutoConfiguration$TomcatWebServerFactoryCustomizerConfiguration
org.springframework.boot.autoconfigure.web.servlet.DispatcherServletAutoConfiguration
org.springframework.boot.autoconfigure.web.servlet.DispatcherServletAutoConfiguration$DispatcherServletConfiguration
org.springframework.boot.autoconfigure.web.servlet.DispatcherServletAutoConfiguration$DispatcherServletRegistrationConfiguration
org.springframework.boot.autoconfigure.web.servlet.HttpEncodingAutoConfiguration
org.springframework.boot.autoconfigure.web.servlet.MultipartAutoConfiguration
org.springframework.boot.autoconfigure.web.servlet.ServletWebServerFactoryAutoConfiguration
org.springframework.boot.autoconfigure.web.servlet.ServletWebServerFactoryConfiguration$EmbeddedTomcat
org.springframework.boot.autoconfigure.web.servlet.WebMvcAutoConfiguration
org.springframework.boot.autoconfigure.web.servlet.WebMvcAutoConfiguration$EnableWebMvcConfiguration
org.springframework.boot.autoconfigure.web.servlet.WebMvcAutoConfiguration$WebMvcAutoConfigurationAdapter
org.springframework.boot.autoconfigure.web.servlet.error.ErrorMvcAutoConfiguration
org.springframework.boot.autoconfigure.web.servlet.error.ErrorMvcAutoConfiguration$DefaultErrorViewResolverConfiguration
org.springframework.boot.autoconfigure.web.servlet.error.ErrorMvcAutoConfiguration$WhitelabelErrorViewConfiguration
org.springframework.boot.autoconfigure.websocket.servlet.WebSocketServletAutoConfiguration
org.springframework.boot.autoconfigure.websocket.servlet.WebSocketServletAutoConfiguration$TomcatWebSocketConfiguration
org.springframework.boot.context.internalConfigurationPropertiesBinder
org.springframework.boot.context.internalConfigurationPropertiesBinderFactory
org.springframework.boot.context.properties.ConfigurationBeanFactoryMetadata
org.springframework.boot.context.properties.ConfigurationPropertiesBeanDefinitionValidator
org.springframework.boot.context.properties.ConfigurationPropertiesBindingPostProcessor
org.springframework.boot.test.mock.mockito.MockitoPostProcessor
org.springframework.boot.test.mock.mockito.MockitoPostProcessor$SpyPostProcessor
org.springframework.cloud.autoconfigure.ConfigurationPropertiesRebinderAutoConfiguration
org.springframework.cloud.autoconfigure.LifecycleMvcEndpointAutoConfiguration
org.springframework.cloud.autoconfigure.RefreshAutoConfiguration
org.springframework.cloud.autoconfigure.RefreshAutoConfiguration$RefreshScopeBeanDefinitionEnhancer
org.springframework.cloud.client.CommonsClientAutoConfiguration
org.springframework.cloud.client.ReactiveCommonsClientAutoConfiguration
org.springframework.cloud.client.discovery.composite.CompositeDiscoveryClientAutoConfiguration
org.springframework.cloud.client.discovery.simple.SimpleDiscoveryClientAutoConfiguration
org.springframework.cloud.client.serviceregistry.AutoServiceRegistrationAutoConfiguration
org.springframework.cloud.client.serviceregistry.AutoServiceRegistrationConfiguration
org.springframework.cloud.client.serviceregistry.ServiceRegistryAutoConfiguration
org.springframework.cloud.commons.httpclient.HttpClientConfiguration
org.springframework.cloud.commons.httpclient.HttpClientConfiguration$OkHttpClientConfiguration
org.springframework.cloud.commons.util.UtilAutoConfiguration
org.springframework.cloud.configuration.CompatibilityVerifierAutoConfiguration
org.springframework.cloud.netflix.archaius.ArchaiusAutoConfiguration
org.springframework.cloud.netflix.archaius.ArchaiusAutoConfiguration$PropagateEventsConfiguration
org.springframework.cloud.openfeign.FeignAutoConfiguration
org.springframework.cloud.openfeign.FeignAutoConfiguration$HystrixFeignTargeterConfiguration
org.springframework.context.annotation.internalAutowiredAnnotationProcessor
org.springframework.context.annotation.internalCommonAnnotationProcessor
org.springframework.context.annotation.internalConfigurationAnnotationProcessor
org.springframework.context.event.internalEventListenerFactory
org.springframework.context.event.internalEventListenerProcessor
parameterNamesModule
preserveErrorControllerTargetClassPostProcessor
propertySourcesPlaceholderConfigurer
refreshEventListener
refreshScope
requestContextFilter
requestMappingHandlerAdapter
requestMappingHandlerMapping
resourceHandlerMapping
restTemplateBuilder
routerFunctionMapping
server-org.springframework.boot.autoconfigure.web.ServerProperties
servletWebServerFactoryCustomizer
simpleControllerHandlerAdapter
simpleDiscoveryClient
simpleDiscoveryProperties
spring.cloud.compatibility-verifier-org.springframework.cloud.configuration.CompatibilityVerifierProperties
spring.cloud.service-registry.auto-registration-org.springframework.cloud.client.serviceregistry.AutoServiceRegistrationProperties
spring.http-org.springframework.boot.autoconfigure.http.HttpProperties
spring.info-org.springframework.boot.autoconfigure.info.ProjectInfoProperties
spring.jackson-org.springframework.boot.autoconfigure.jackson.JacksonProperties
spring.mvc-org.springframework.boot.autoconfigure.web.servlet.WebMvcProperties
spring.resources-org.springframework.boot.autoconfigure.web.ResourceProperties
spring.security.oauth2.resourceserver-org.springframework.boot.autoconfigure.security.oauth2.resource.OAuth2ResourceServerProperties
spring.servlet.multipart-org.springframework.boot.autoconfigure.web.servlet.MultipartProperties
spring.task.execution-org.springframework.boot.autoconfigure.task.TaskExecutionProperties
spring.task.scheduling-org.springframework.boot.autoconfigure.task.TaskSchedulingProperties
springBootVersionVerifier
standardJacksonObjectMapperBuilderCustomizer
stringHttpMessageConverter
taskExecutorBuilder
taskSchedulerBuilder
teleport.FeignClientSpecification
tomcatServletWebServerFactory
tomcatServletWebServerFactoryCustomizer
tomcatWebServerFactoryCustomizer
uk.fratcliffe.fl2j.TeleportClient
viewControllerHandlerMapping
viewResolver
webServerFactoryCustomizerBeanPostProcessor
websocketServletWebServerCustomizer
welcomePageHandlerMapping
worldController
]]></system-out>
  <system-err><![CDATA[]]></system-err>
</testsuite>
